build/app/outputs/mapping/release/seeds.txt
com.example.travas.MainActivity
com.example.travas.MainActivity: MainActivity()
...
io.flutter.plugin.editing.ImeSyncDeferringInsetsCallback: void remove()
androidx.versionedparcelable.ParcelImpl
androidx.window.embedding.SplitController$Companion: SplitController$Companion(kotlin.jvm.internal.DefaultConstructorMarker)
androidx.window.embedding.ExtensionEmbeddingBackend: androidx.window.embedding.ExtensionEmbeddingBackend$Companion Companion
androidx.window.layout.WindowMetricsCalculatorCompat: int getNavigationBarHeight(android.content.Context)
io.flutter.embedding.engine.mutatorsstack.FlutterMutatorsStack: java.util.List getFinalClippingPaths()
io.flutter.plugin.platform.SingleViewPresentation: void onCreate(android.os.Bundle)
androidx.window.layout.ExtensionWindowLayoutInfoBackend
androidx.window.layout.ExtensionsWindowLayoutInfoAdapter: androidx.window.layout.ExtensionsWindowLayoutInfoAdapter INSTANCE
kotlin.jvm.internal.CallableReference: java.util.List getAnnotations()
androidx.window.layout.SidecarWindowBackend$WindowLayoutChangeCallbackWrapper: void accept$lambda-0(androidx.window.layout.SidecarWindowBackend$WindowLayoutChangeCallbackWrapper,androidx.window.layout.WindowLayoutInfo)
androidx.window.embedding.ExtensionEmbeddingBackend: boolean isSplitSupported()
androidx.window.embedding.SplitPairRule: boolean equals(java.lang.Object)
androidx.window.embedding.SplitController: androidx.window.embedding.SplitController getInstance()
io.flutter.embedding.engine.FlutterJNI: void onSurfaceCreated(android.view.Surface)
io.flutter.embedding.engine.FlutterJNI: void onSurfaceChanged(int,int)
androidx.window.core.Version: int getMinor()
io.flutter.embedding.engine.FlutterJNI: void setRefreshRateFPS(float)
io.flutter.embedding.android.FlutterView: io.flutter.embedding.engine.FlutterEngine getAttachedFlutterEngine()
androidx.window.embedding.EmbeddingTranslatingCallback: void accept(java.lang.Object)
kotlin.jvm.internal.CallableReference: CallableReference(java.lang.Object,java.lang.Class,java.lang.String,java.lang.String,boolean)
androidx.window.core.Bounds: Bounds(android.graphics.Rect)
androidx.window.layout.DisplayCompatHelperApi28: androidx.window.layout.DisplayCompatHelperApi28 INSTANCE
io.flutter.embedding.engine.mutatorsstack.FlutterMutatorsStack: void pushClipRect(int,int,int,int)
androidx.window.layout.WindowMetricsCalculator$Companion: androidx.window.layout.WindowMetricsCalculator$Companion $$INSTANCE
androidx.window.layout.ExtensionWindowLayoutInfoBackend: java.util.Map listenerToActivity
androidx.activity.OnBackPressedDispatcher$LifecycleOnBackPressedCancellable
androidx.lifecycle.Lifecycling$1
kotlinx.coroutines.channels.Receive
io.flutter.embedding.engine.FlutterJNI: io.flutter.embedding.engine.FlutterJNI spawn(java.lang.String,java.lang.String,java.lang.String,java.util.List)
androidx.window.layout.SidecarCompat: androidx.window.sidecar.SidecarInterface sidecar
androidx.window.layout.HardwareFoldingFeature$Companion: HardwareFoldingFeature$Companion(kotlin.jvm.internal.DefaultConstructorMarker)
kotlinx.coroutines.InvokeOnCancelling
androidx.window.layout.FoldingFeature$OcclusionType: androidx.window.layout.FoldingFeature$OcclusionType$Companion Companion
kotlinx.coroutines.scheduling.CoroutineScheduler: int _isTerminated
androidx.window.core.Version$Companion: androidx.window.core.Version getVERSION_1_0()
io.flutter.plugin.editing.ImeSyncDeferringInsetsCallback: android.view.WindowInsetsAnimation$Callback getAnimationCallback()
androidx.window.embedding.SplitPairRule: boolean clearTop
io.flutter.embedding.android.KeyData$Type: io.flutter.embedding.android.KeyData$Type valueOf(java.lang.String)
androidx.lifecycle.Lifecycle$Event: androidx.lifecycle.Lifecycle$Event ON_STOP
kotlin.jvm.internal.CallableReference: boolean isTopLevel
androidx.window.layout.WindowInfoTracker: kotlinx.coroutines.flow.Flow windowLayoutInfo(android.app.Activity)