build/app/outputs/mapping/release/mapping.txt
# compiler: R8
# compiler_version: 2.1.62
# min_api: 16
# pg_map_id: 26a5d9d
# common_typos_disable
...
androidx.core.content.res.ResourcesCompat -> d.c.a.b.a:
    android.graphics.drawable.Drawable getDrawable(android.content.res.Resources,int,android.content.res.Resources$Theme) -> a
androidx.core.graphics.drawable.IconCompat -> androidx.core.graphics.drawable.IconCompat:
    java.lang.String mTintModeStr -> i
    android.graphics.PorterDuff$Mode DEFAULT_TINT_MODE -> k
    java.lang.String mString1 -> j
    android.graphics.PorterDuff$Mode mTintMode -> h
    android.os.Parcelable mParcelable -> d
    java.lang.Object mObj1 -> b
    int mInt2 -> f
    android.content.res.ColorStateList mTintList -> g
    int mInt1 -> e
    byte[] mData -> c
    int mType -> a
    int getResId() -> a
    int getResId(android.graphics.drawable.Icon) -> b
    void onPostParceling() -> c
    void onPreParceling(boolean) -> d
    java.lang.String typeToString(int) -> e
androidx.core.os.ExecutorCompat -> d.c.b.a:
    java.util.concurrent.Executor create(android.os.Handler) -> a
androidx.core.os.ExecutorCompat$HandlerExecutor -> d.c.b.a$a:
    android.os.Handler mHandler -> d
androidx.core.util.Consumer -> d.c.c.a:
androidx.core.util.Preconditions -> d.c.c.b:
    java.lang.Object checkNotNull(java.lang.Object) -> a
androidx.core.view.WindowInsetsControllerCompat -> d.c.d.a:
    androidx.core.view.WindowInsetsControllerCompat$Impl mImpl -> a
    void setAppearanceLightNavigationBars(boolean) -> a
    void setAppearanceLightStatusBars(boolean) -> b
androidx.core.view.WindowInsetsControllerCompat$Impl -> d.c.d.a$e:
    void setAppearanceLightNavigationBars(boolean) -> a
    void setAppearanceLightStatusBars(boolean) -> b
androidx.core.view.WindowInsetsControllerCompat$Impl20 -> d.c.d.a$a:
    android.view.Window mWindow -> a
    void setSystemUiFlag(int) -> c
    void setWindowFlag(int) -> d
    void unsetSystemUiFlag(int) -> e
    void unsetWindowFlag(int) -> f
androidx.core.view.WindowInsetsControllerCompat$Impl23 -> d.c.d.a$b:
    void setAppearanceLightStatusBars(boolean) -> b
androidx.core.view.WindowInsetsControllerCompat$Impl26 -> d.c.d.a$c:
    void setAppearanceLightNavigationBars(boolean) -> a
androidx.core.view.WindowInsetsControllerCompat$Impl30 -> d.c.d.a$d:
    android.view.WindowInsetsController mInsetsController -> a
    void setAppearanceLightNavigationBars(boolean) -> a
    void setAppearanceLightStatusBars(boolean) -> b
androidx.fragment.app.Fragment -> androidx.fragment.app.a:
    android.view.View mView -> a
androidx.fragment.app.Fragment$2 -> androidx.fragment.app.Fragment$2:
    androidx.fragment.app.Fragment this$0 -> a
    void onStateChanged(androidx.lifecycle.LifecycleOwner,androidx.lifecycle.Lifecycle$Event) -> g
androidx.lifecycle.ClassesInfoCache$CallbackInfo -> androidx.lifecycle.a:
    void invokeCallbacks(androidx.lifecycle.LifecycleOwner,androidx.lifecycle.Lifecycle$Event,java.lang.Object) -> a
androidx.lifecycle.CompositeGeneratedAdaptersObserver -> androidx.lifecycle.CompositeGeneratedAdaptersObserver:
    androidx.lifecycle.GeneratedAdapter[] mGeneratedAdapters -> a
    void onStateChanged(androidx.lifecycle.LifecycleOwner,androidx.lifecycle.Lifecycle$Event) -> g
androidx.lifecycle.FullLifecycleObserver -> androidx.lifecycle.b:
    void onResume(androidx.lifecycle.LifecycleOwner) -> a
    void onPause(androidx.lifecycle.LifecycleOwner) -> b
    void onDestroy(androidx.lifecycle.LifecycleOwner) -> c
    void onStop(androidx.lifecycle.LifecycleOwner) -> d
    void onCreate(androidx.lifecycle.LifecycleOwner) -> e
    void onStart(androidx.lifecycle.LifecycleOwner) -> f
androidx.lifecycle.FullLifecycleObserverAdapter -> androidx.lifecycle.FullLifecycleObserverAdapter:
    androidx.lifecycle.FullLifecycleObserver mFullLifecycleObserver -> a
    androidx.lifecycle.LifecycleEventObserver mLifecycleEventObserver -> b
    void onStateChanged(androidx.lifecycle.LifecycleOwner,androidx.lifecycle.Lifecycle$Event) -> g