build/app/outputs/mapping/release/usage.txt
com.example.travas.R$styleable
com.example.travas.R$attr
com.example.travas.BuildConfig
com.example.travas.R$layout
com.example.travas.R$string
com.example.travas.R$dimen
com.example.travas.R$style
com.example.travas.R$integer
com.example.travas.R$drawable
com.example.travas.R
com.example.travas.R$id
com.example.travas.R$color
com.example.travas.R$mipmap
...
androidx.lifecycle.MutableLiveData
io.flutter.view.FlutterRunArguments
kotlin.jvm.JvmWildcard
kotlin.ThrowsKt
androidx.core.content.res.FontResourcesParserCompat$FetchStrategy
kotlin.collections.builders.SerializedCollection
androidx.core.view.WindowInsetsCompat$Impl20
kotlin.collections.AbstractList$IteratorImpl
androidx.core.view.GestureDetectorCompat$GestureDetectorCompatImpl
kotlin.comparisons.NaturalOrderComparator
androidx.annotation.LongDef
kotlinx.coroutines.flow.internal.ChannelFlow
kotlin.collections.AbstractMutableList
androidx.core.app.ActivityRecreator$2
kotlin.PreconditionsKt__AssertionsJVMKt
io.flutter.embedding.engine.dart.DartExecutor$DefaultBinaryMessenger:
    public io.flutter.plugin.common.BinaryMessenger$TaskQueue makeBackgroundTaskQueue(io.flutter.plugin.common.BinaryMessenger$TaskQueueOptions)
    public void send(java.lang.String,java.nio.ByteBuffer)
    public void enableBufferingIncomingMessages()
    public void disableBufferingIncomingMessages()
androidx.core.app.ServiceCompat
kotlinx.coroutines.flow.FlowKt__BuildersKt$asFlow$$inlined$unsafeFlow$5
kotlinx.coroutines.flow.FlowKt__ZipKt$combineUnsafe$$inlined$unsafeFlow$1
kotlinx.coroutines.flow.FlowKt__ReduceKt$first$3
kotlin.reflect.TypesJVMKt
kotlin.sequences.SequencesKt___SequencesKt$flatMap$2
kotlin.jvm.internal.ReflectionFactory:
    public kotlin.reflect.KClass createKotlinClass(java.lang.Class)
    public kotlin.reflect.KClass createKotlinClass(java.lang.Class,java.lang.String)
    public kotlin.reflect.KClass getOrCreateKotlinClass(java.lang.Class,java.lang.String)
    public kotlin.reflect.KProperty0 property0(kotlin.jvm.internal.PropertyReference0)
    public kotlin.reflect.KMutableProperty0 mutableProperty0(kotlin.jvm.internal.MutablePropertyReference0)
    public kotlin.reflect.KProperty1 property1(kotlin.jvm.internal.PropertyReference1)
    public kotlin.reflect.KMutableProperty1 mutableProperty1(kotlin.jvm.internal.MutablePropertyReference1)
    public kotlin.reflect.KProperty2 property2(kotlin.jvm.internal.PropertyReference2)
    public kotlin.reflect.KMutableProperty2 mutableProperty2(kotlin.jvm.internal.MutablePropertyReference2)
    public kotlin.reflect.KType typeOf(kotlin.reflect.KClassifier,java.util.List,boolean)
    public kotlin.reflect.KTypeParameter typeParameter(java.lang.Object,java.lang.String,kotlin.reflect.KVariance,boolean)
    public void setUpperBounds(kotlin.reflect.KTypeParameter,java.util.List)
    public kotlin.reflect.KType platformType(kotlin.reflect.KType,kotlin.reflect.KType)
    public kotlin.reflect.KType mutableCollectionType(kotlin.reflect.KType)
    public kotlin.reflect.KType nothingType(kotlin.reflect.KType)
    private static final java.lang.String KOTLIN_JVM_FUNCTIONS
androidx.core.app.NotificationChannelGroupCompat
kotlinx.coroutines.flow.internal.CombineKt$zipImpl$$inlined$unsafeFlow$1
kotlinx.coroutines.CoroutineExceptionHandlerKt$CoroutineExceptionHandler$1
androidx.activity.ComponentActivity$3:
    void <init>(androidx.activity.ComponentActivity)
androidx.loader.content.ModernAsyncTask$2
kotlinx.coroutines.flow.FlowKt__TransformKt$mapNotNull$$inlined$unsafeTransform$1
io.flutter.view.FlutterView$FirstFrameListener
kotlinx.coroutines.flow.internal.AbortFlowException
kotlinx.coroutines.DisposeOnCancel
kotlin.io.FileTreeWalk$FileTreeWalkIterator$TopDownDirectoryState
androidx.loader.content.ModernAsyncTask$WorkerRunnable
kotlinx.coroutines.channels.TickerChannelsKt
androidx.core.content.FileProvider
kotlin.text.CharDirectionality$Companion
kotlinx.coroutines.SupervisorJobImpl
kotlin.ranges.CharProgressionIterator
kotlin.jvm.internal.Ref$IntRef
kotlinx.coroutines.flow.internal.ChannelLimitedFlowMerge$collectTo$2$1
androidx.core.app.FrameMetricsAggregator$FrameMetricsApi24Impl$1
io.flutter.plugin.common.JSONUtil:
    private void <init>()
    public static java.lang.Object unwrap(java.lang.Object)
kotlin.jvm.internal.TypeParameterReference$Companion